Logfile initialized
[INFO] logfile = /Users/alexanderconway/Documents/Token/Token-Client/build.log
[DEBUG] /Users/alexanderconway/Library/Application Support/Titanium/mobilesdk/osx/2.1.2.GA/android/builder.py install Token /Applications/android-sdk-macosx /Users/alexanderconway/Documents/Token/Token-Client com.token 2
[INFO] Titanium SDK version: 2.1.2 (08/24/12 14:46 ed7f777)
[DEBUG] Waiting for device to be ready ...
[TRACE] adb devices returned 1 devices/emulators
[DEBUG] Device connected... (waited 0 seconds)
[DEBUG] waited 0.020802 seconds on emulator to get ready
[DEBUG] com.token installed? False
[INFO] Copying CommonJS modules...
[INFO] Copying project resources..
[TRACE] COPYING MODIFIED FILE: /Users/alexanderconway/Documents/Token/Token-Client/Resources/ui/tab_friends/home_friends.js => /Users/alexanderconway/Documents/Token/Token-Client/build/android/bin/assets/Resources/ui/tab_friends/home_friends.js
[TRACE] COPYING MODIFIED FILE: /Users/alexanderconway/Documents/Token/Token-Client/Resources/ui/tab_notifications/home_notifications.js => /Users/alexanderconway/Documents/Token/Token-Client/build/android/bin/assets/Resources/ui/tab_notifications/home_notifications.js
[TRACE] COPYING MODIFIED FILE: /Users/alexanderconway/Documents/Token/Token-Client/Resources/ui/tab_user/home_user.js => /Users/alexanderconway/Documents/Token/Token-Client/build/android/bin/assets/Resources/ui/tab_user/home_user.js
[TRACE] COPYING MODIFIED FILE: /Users/alexanderconway/Documents/Token/Token-Client/Resources/ui/ui_app.js => /Users/alexanderconway/Documents/Token/Token-Client/build/android/bin/assets/Resources/ui/ui_app.js
[TRACE] Generating Java Classes
[DEBUG] Processing Android resource drawables
[DEBUG] found special platform files dir = /Users/alexanderconway/Documents/Token/Token-Client/platform/android
[INFO] Copying platform-specific files ...
[DEBUG] copying app icon: /Users/alexanderconway/Documents/Token/Token-Client/build/android/bin/assets/Resources/appicon.png
[DEBUG] generating theme.xml
[DEBUG] found drawable-long-land-hdpi splash screen at /Users/alexanderconway/Documents/Token/Token-Client/Resources/android/images/res-long-land-hdpi/default.png
[DEBUG] copying /Users/alexanderconway/Documents/Token/Token-Client/Resources/android/images/res-long-land-hdpi/default.png splash screen to /Users/alexanderconway/Documents/Token/Token-Client/build/android/res/drawable-long-land-hdpi/background.png
[DEBUG] found drawable-long-land-ldpi splash screen at /Users/alexanderconway/Documents/Token/Token-Client/Resources/android/images/res-long-land-ldpi/default.png
[DEBUG] copying /Users/alexanderconway/Documents/Token/Token-Client/Resources/android/images/res-long-land-ldpi/default.png splash screen to /Users/alexanderconway/Documents/Token/Token-Client/build/android/res/drawable-long-land-ldpi/background.png
[DEBUG] found drawable-long-port-hdpi splash screen at /Users/alexanderconway/Documents/Token/Token-Client/Resources/android/images/res-long-port-hdpi/default.png
[DEBUG] copying /Users/alexanderconway/Documents/Token/Token-Client/Resources/android/images/res-long-port-hdpi/default.png splash screen to /Users/alexanderconway/Documents/Token/Token-Client/build/android/res/drawable-long-port-hdpi/background.png
[DEBUG] found drawable-long-port-ldpi splash screen at /Users/alexanderconway/Documents/Token/Token-Client/Resources/android/images/res-long-port-ldpi/default.png
[DEBUG] copying /Users/alexanderconway/Documents/Token/Token-Client/Resources/android/images/res-long-port-ldpi/default.png splash screen to /Users/alexanderconway/Documents/Token/Token-Client/build/android/res/drawable-long-port-ldpi/background.png
[DEBUG] found drawable-notlong-land-hdpi splash screen at /Users/alexanderconway/Documents/Token/Token-Client/Resources/android/images/res-notlong-land-hdpi/default.png
[DEBUG] copying /Users/alexanderconway/Documents/Token/Token-Client/Resources/android/images/res-notlong-land-hdpi/default.png splash screen to /Users/alexanderconway/Documents/Token/Token-Client/build/android/res/drawable-notlong-land-hdpi/background.png
[DEBUG] found drawable-notlong-land-ldpi splash screen at /Users/alexanderconway/Documents/Token/Token-Client/Resources/android/images/res-notlong-land-ldpi/default.png
[DEBUG] copying /Users/alexanderconway/Documents/Token/Token-Client/Resources/android/images/res-notlong-land-ldpi/default.png splash screen to /Users/alexanderconway/Documents/Token/Token-Client/build/android/res/drawable-notlong-land-ldpi/background.png
[DEBUG] found drawable-notlong-land-mdpi splash screen at /Users/alexanderconway/Documents/Token/Token-Client/Resources/android/images/res-notlong-land-mdpi/default.png
[DEBUG] copying /Users/alexanderconway/Documents/Token/Token-Client/Resources/android/images/res-notlong-land-mdpi/default.png splash screen to /Users/alexanderconway/Documents/Token/Token-Client/build/android/res/drawable-notlong-land-mdpi/background.png
[DEBUG] found drawable-notlong-port-hdpi splash screen at /Users/alexanderconway/Documents/Token/Token-Client/Resources/android/images/res-notlong-port-hdpi/default.png
[DEBUG] copying /Users/alexanderconway/Documents/Token/Token-Client/Resources/android/images/res-notlong-port-hdpi/default.png splash screen to /Users/alexanderconway/Documents/Token/Token-Client/build/android/res/drawable-notlong-port-hdpi/background.png
[DEBUG] found drawable-notlong-port-ldpi splash screen at /Users/alexanderconway/Documents/Token/Token-Client/Resources/android/images/res-notlong-port-ldpi/default.png
[DEBUG] copying /Users/alexanderconway/Documents/Token/Token-Client/Resources/android/images/res-notlong-port-ldpi/default.png splash screen to /Users/alexanderconway/Documents/Token/Token-Client/build/android/res/drawable-notlong-port-ldpi/background.png
[DEBUG] found drawable-notlong-port-mdpi splash screen at /Users/alexanderconway/Documents/Token/Token-Client/Resources/android/images/res-notlong-port-mdpi/default.png
[DEBUG] copying /Users/alexanderconway/Documents/Token/Token-Client/Resources/android/images/res-notlong-port-mdpi/default.png splash screen to /Users/alexanderconway/Documents/Token/Token-Client/build/android/res/drawable-notlong-port-mdpi/background.png
[DEBUG] found splash screen at /Users/alexanderconway/Documents/Token/Token-Client/build/android/bin/assets/Resources/default.png
[TRACE] Writing out AndroidManifest.xml
[DEBUG] adding /Users/alexanderconway/Documents/Token/Token-Client/build/android/gen/com/token/R.java to javac build list
[DEBUG] adding /Users/alexanderconway/Documents/Token/Token-Client/build/android/gen/com/token/TokenActivity.java to javac build list
[DEBUG] adding /Users/alexanderconway/Documents/Token/Token-Client/build/android/gen/com/token/TokenAppInfo.java to javac build list
[DEBUG] adding /Users/alexanderconway/Documents/Token/Token-Client/build/android/gen/com/token/TokenApplication.java to javac build list
[DEBUG] Building Java Sources: "/Users/alexanderconway/Documents/Token/Token-Client/build/android/gen/com/token/R.java" "/Users/alexanderconway/Documents/Token/Token-Client/build/android/gen/com/token/TokenActivity.java" "/Users/alexanderconway/Documents/Token/Token-Client/build/android/gen/com/token/TokenAppInfo.java" "/Users/alexanderconway/Documents/Token/Token-Client/build/android/gen/com/token/TokenApplication.java"
[INFO] Compiling Android Resources... This could take some time
[DEBUG] Android classes.dex built
[DEBUG] creating unsigned apk: /Users/alexanderconway/Documents/Token/Token-Client/build/android/bin/app-unsigned.apk
[DEBUG] from resource zip => assets/Resources/cfg/cfg_app.js
[DEBUG] from resource zip => assets/Resources/images/arrow.png
[DEBUG] from resource zip => assets/Resources/lib/joli.js
[DEBUG] from resource zip => assets/Resources/lib/lib_data.js
[DEBUG] from resource zip => assets/Resources/lib/lib_date.js
[DEBUG] from resource zip => assets/Resources/lib/lib_facebook.js
[DEBUG] from resource zip => assets/Resources/lib/lib_underscore.js
[DEBUG] from resource zip => assets/Resources/models/models_user.js
[DEBUG] from resource zip => assets/Resources/ui/swap/ui_newswap.js
[DEBUG] from resource zip => assets/Resources/ui/swap/ui_picker.js
[DEBUG] from resource zip => assets/Resources/ui/swap/ui_points.js
[DEBUG] from resource zip => assets/Resources/ui/tab_friends/home_friends.js
[DEBUG] from resource zip => assets/Resources/ui/tab_notifications/home_notifications.js
[DEBUG] from resource zip => assets/Resources/ui/tab_send/home_send.js
[DEBUG] from resource zip => assets/Resources/ui/tab_user/home_user.js
[DEBUG] from resource zip => assets/Resources/ui/ui_app.js
[DEBUG] from resource zip => assets/Resources/ui/ui_friend.js
[DEBUG] from resource zip => assets/Resources/ui/ui_home.js
[DEBUG] from resource zip => assets/Resources/ui/ui_login.js
[DEBUG] from resource zip => assets/Resources/ui/ui_swap.js
[DEBUG] from resource zip => assets/Resources/ui/ui_template.js
[DEBUG] from resource zip => assets/Resources/KS_nav_ui.png
[DEBUG] from resource zip => assets/Resources/KS_nav_views.png
[DEBUG] from resource zip => assets/Resources/app.js
[DEBUG] from resource zip => assets/Resources/appicon.png
[DEBUG] from resource zip => assets/Resources/default.png
[DEBUG] from resource zip => assets/app.json
[DEBUG] from resource zip => assets/index.json
[DEBUG] from resource zip => assets/tiapp.xml
[DEBUG] from resource zip => res/drawable/appicon.png
[DEBUG] from resource zip => res/drawable/background.png
[DEBUG] from resource zip => res/drawable/close.png
[DEBUG] from resource zip => res/drawable/facebook_login.png
[DEBUG] from resource zip => res/drawable/facebook_login_down.png
[DEBUG] from resource zip => res/drawable/facebook_login_wide.png
[DEBUG] from resource zip => res/drawable/facebook_login_wide_down.png
[DEBUG] from resource zip => res/drawable/facebook_logout.png
[DEBUG] from resource zip => res/drawable/facebook_logout_down.png
[DEBUG] from resource zip => res/layout/titanium_tabgroup.xml
[DEBUG] from resource zip => AndroidManifest.xml
[DEBUG] from resource zip => resources.arsc
[DEBUG] from resource zip => res/drawable-hdpi/close.png
[DEBUG] from resource zip => res/drawable-ldpi/close.png
[DEBUG] from resource zip => res/drawable-long-land-hdpi/background.png
[DEBUG] from resource zip => res/drawable-long-land-ldpi/background.png
[DEBUG] from resource zip => res/drawable-long-port-hdpi/background.png
[DEBUG] from resource zip => res/drawable-long-port-ldpi/background.png
[DEBUG] from resource zip => res/drawable-notlong-land-hdpi/background.png
[DEBUG] from resource zip => res/drawable-notlong-land-ldpi/background.png
[DEBUG] from resource zip => res/drawable-notlong-land-mdpi/background.png
[DEBUG] from resource zip => res/drawable-notlong-port-hdpi/background.png
[DEBUG] from resource zip => res/drawable-notlong-port-ldpi/background.png
[DEBUG] from resource zip => res/drawable-notlong-port-mdpi/background.png
[DEBUG] from JAR /Users/alexanderconway/Library/Application Support/Titanium/mobilesdk/osx/2.1.2.GA/android/titanium.jar => org/appcelerator/titanium/build.properties
[DEBUG] from JAR /Users/alexanderconway/Library/Application Support/Titanium/mobilesdk/osx/2.1.2.GA/android/titanium.jar => org/appcelerator/titanium/res/drawable/background.png
[DEBUG] from JAR /Users/alexanderconway/Library/Application Support/Titanium/mobilesdk/osx/2.1.2.GA/android/titanium.jar => org/appcelerator/titanium/res/drawable/btn_check_buttonless_on.png
[DEBUG] from JAR /Users/alexanderconway/Library/Application Support/Titanium/mobilesdk/osx/2.1.2.GA/android/titanium.jar => org/appcelerator/titanium/res/drawable/btn_check_buttonless_on_18.png
[DEBUG] from JAR /Users/alexanderconway/Library/Application Support/Titanium/mobilesdk/osx/2.1.2.GA/android/titanium.jar => org/appcelerator/titanium/res/drawable/btn_check_buttonless_on_48.png
[DEBUG] from JAR /Users/alexanderconway/Library/Application Support/Titanium/mobilesdk/osx/2.1.2.GA/android/titanium.jar => org/appcelerator/titanium/res/drawable/btn_more.png
[DEBUG] from JAR /Users/alexanderconway/Library/Application Support/Titanium/mobilesdk/osx/2.1.2.GA/android/titanium.jar => org/appcelerator/titanium/res/drawable/btn_more_18.png
[DEBUG] from JAR /Users/alexanderconway/Library/Application Support/Titanium/mobilesdk/osx/2.1.2.GA/android/titanium.jar => org/appcelerator/titanium/res/drawable/btn_more_48.png
[DEBUG] from JAR /Users/alexanderconway/Library/Application Support/Titanium/mobilesdk/osx/2.1.2.GA/android/titanium.jar => org/appcelerator/titanium/res/drawable/btn_picker_normal.9.png
[DEBUG] from JAR /Users/alexanderconway/Library/Application Support/Titanium/mobilesdk/osx/2.1.2.GA/android/titanium.jar => org/appcelerator/titanium/res/drawable/btn_picker_pressed.9.png
[DEBUG] from JAR /Users/alexanderconway/Library/Application Support/Titanium/mobilesdk/osx/2.1.2.GA/android/titanium.jar => org/appcelerator/titanium/res/drawable/btn_picker_selected.9.png
[DEBUG] from JAR /Users/alexanderconway/Library/Application Support/Titanium/mobilesdk/osx/2.1.2.GA/android/titanium.jar => org/appcelerator/titanium/res/drawable/default_icon.png
[DEBUG] from JAR /Users/alexanderconway/Library/Application Support/Titanium/mobilesdk/osx/2.1.2.GA/android/titanium.jar => org/appcelerator/titanium/res/drawable/photoDefault.png
[DEBUG] from JAR /Users/alexanderconway/Library/Application Support/Titanium/mobilesdk/osx/2.1.2.GA/android/thirdparty.jar => org/apache/Commons-NOTICE.txt
[DEBUG] from JAR /Users/alexanderconway/Library/Application Support/Titanium/mobilesdk/osx/2.1.2.GA/android/thirdparty.jar => org/apache/HttpComponents-NOTICE.txt
[DEBUG] from JAR /Users/alexanderconway/Library/Application Support/Titanium/mobilesdk/osx/2.1.2.GA/android/thirdparty.jar => org/apache/mime4j-NOTICE.txt
[DEBUG] from JAR /Users/alexanderconway/Library/Application Support/Titanium/mobilesdk/osx/2.1.2.GA/android/modules/titanium-ui.jar => ti/modules/titanium/ui/widget/webview/binding.js
[DEBUG] from JAR /Users/alexanderconway/Library/Application Support/Titanium/mobilesdk/osx/2.1.2.GA/android/modules/titanium-ui.jar => ti/modules/titanium/ui/widget/webview/binding.min.js
[DEBUG] from JAR /Users/alexanderconway/Library/Application Support/Titanium/mobilesdk/osx/2.1.2.GA/android/modules/titanium-ui.jar => ti/modules/titanium/ui/widget/webview/json2.js
[DEBUG] from JAR /Users/alexanderconway/Library/Application Support/Titanium/mobilesdk/osx/2.1.2.GA/android/modules/titanium-ui.jar => ti/modules/titanium/ui/widget/webview/polling.js
[DEBUG] from JAR /Users/alexanderconway/Library/Application Support/Titanium/mobilesdk/osx/2.1.2.GA/android/modules/titanium-ui.jar => ti/modules/titanium/ui/widget/webview/polling.min.js
[DEBUG] from JAR /Users/alexanderconway/Library/Application Support/Titanium/mobilesdk/osx/2.1.2.GA/android/modules/titanium-facebook.jar => ti/modules/titanium/facebook/LICENSE
[DEBUG] installing native SDK libs
[DEBUG] Waiting for device to be ready ...
[TRACE] adb devices returned 1 devices/emulators
[DEBUG] Device connected... (waited 0 seconds)
[DEBUG] waited 0.014769 seconds on emulator to get ready
[INFO] Installing application on device
[INFO] Application installed. Launch from drawer on Home Screen
